{"D:\\NGUYENHUONG\\HOC\\PTUD\\BTL\\models\\review.model.js": {"path":"D:\\NGUYENHUONG\\HOC\\PTUD\\BTL\\models\\review.model.js","statementMap":{"0":{"start":{"line":6,"column":4},"end":{"line":6,"column":17}},"1":{"start":{"line":7,"column":4},"end":{"line":7,"column":29}},"2":{"start":{"line":8,"column":4},"end":{"line":8,"column":29}},"3":{"start":{"line":17,"column":4},"end":{"line":17,"column":17}},"4":{"start":{"line":18,"column":4},"end":{"line":18,"column":23}},"5":{"start":{"line":19,"column":4},"end":{"line":19,"column":25}},"6":{"start":{"line":20,"column":4},"end":{"line":20,"column":21}},"7":{"start":{"line":21,"column":4},"end":{"line":21,"column":39}},"8":{"start":{"line":22,"column":4},"end":{"line":22,"column":35}},"9":{"start":{"line":23,"column":4},"end":{"line":23,"column":35}},"10":{"start":{"line":24,"column":4},"end":{"line":24,"column":23}},"11":{"start":{"line":33,"column":4},"end":{"line":33,"column":17}},"12":{"start":{"line":34,"column":4},"end":{"line":34,"column":25}},"13":{"start":{"line":35,"column":4},"end":{"line":35,"column":25}},"14":{"start":{"line":36,"column":4},"end":{"line":36,"column":25}},"15":{"start":{"line":37,"column":4},"end":{"line":37,"column":27}},"16":{"start":{"line":38,"column":4},"end":{"line":38,"column":31}},"17":{"start":{"line":41,"column":4},"end":{"line":41,"column":29}},"18":{"start":{"line":42,"column":4},"end":{"line":42,"column":31}},"19":{"start":{"line":43,"column":4},"end":{"line":43,"column":33}},"20":{"start":{"line":44,"column":4},"end":{"line":44,"column":31}},"21":{"start":{"line":53,"column":4},"end":{"line":53,"column":99}},"22":{"start":{"line":53,"column":57},"end":{"line":53,"column":99}},"23":{"start":{"line":54,"column":4},"end":{"line":54,"column":100}},"24":{"start":{"line":54,"column":59},"end":{"line":54,"column":100}},"25":{"start":{"line":55,"column":4},"end":{"line":55,"column":98}},"26":{"start":{"line":55,"column":60},"end":{"line":55,"column":98}},"27":{"start":{"line":56,"column":4},"end":{"line":56,"column":105}},"28":{"start":{"line":56,"column":57},"end":{"line":56,"column":105}},"29":{"start":{"line":57,"column":4},"end":{"line":57,"column":16}},"30":{"start":{"line":66,"column":4},"end":{"line":66,"column":17}},"31":{"start":{"line":67,"column":4},"end":{"line":67,"column":29}},"32":{"start":{"line":68,"column":4},"end":{"line":68,"column":25}},"33":{"start":{"line":69,"column":4},"end":{"line":69,"column":27}},"34":{"start":{"line":70,"column":4},"end":{"line":70,"column":31}},"35":{"start":{"line":73,"column":4},"end":{"line":73,"column":29}},"36":{"start":{"line":82,"column":4},"end":{"line":82,"column":98}},"37":{"start":{"line":82,"column":59},"end":{"line":82,"column":98}},"38":{"start":{"line":83,"column":4},"end":{"line":83,"column":16}},"39":{"start":{"line":87,"column":0},"end":{"line":92,"column":2}}},"fnMap":{"0":{"name":"(anonymous_0)","decl":{"start":{"line":5,"column":2},"end":{"line":5,"column":3}},"loc":{"start":{"line":5,"column":38},"end":{"line":9,"column":3}},"line":5},"1":{"name":"(anonymous_1)","decl":{"start":{"line":16,"column":2},"end":{"line":16,"column":3}},"loc":{"start":{"line":16,"column":116},"end":{"line":25,"column":3}},"line":16},"2":{"name":"(anonymous_2)","decl":{"start":{"line":32,"column":2},"end":{"line":32,"column":3}},"loc":{"start":{"line":32,"column":134},"end":{"line":45,"column":3}},"line":32},"3":{"name":"(anonymous_3)","decl":{"start":{"line":52,"column":2},"end":{"line":52,"column":3}},"loc":{"start":{"line":52,"column":24},"end":{"line":58,"column":3}},"line":52},"4":{"name":"(anonymous_4)","decl":{"start":{"line":65,"column":2},"end":{"line":65,"column":3}},"loc":{"start":{"line":65,"column":73},"end":{"line":74,"column":3}},"line":65},"5":{"name":"(anonymous_5)","decl":{"start":{"line":81,"column":2},"end":{"line":81,"column":3}},"loc":{"start":{"line":81,"column":24},"end":{"line":84,"column":3}},"line":81}},"branchMap":{"0":{"loc":{"start":{"line":16,"column":33},"end":{"line":16,"column":44}},"type":"default-arg","locations":[{"start":{"line":16,"column":40},"end":{"line":16,"column":44}}],"line":16},"1":{"loc":{"start":{"line":16,"column":46},"end":{"line":16,"column":63}},"type":"default-arg","locations":[{"start":{"line":16,"column":62},"end":{"line":16,"column":63}}],"line":16},"2":{"loc":{"start":{"line":16,"column":65},"end":{"line":16,"column":80}},"type":"default-arg","locations":[{"start":{"line":16,"column":79},"end":{"line":16,"column":80}}],"line":16},"3":{"loc":{"start":{"line":16,"column":82},"end":{"line":16,"column":100}},"type":"default-arg","locations":[{"start":{"line":16,"column":96},"end":{"line":16,"column":100}}],"line":16},"4":{"loc":{"start":{"line":16,"column":102},"end":{"line":16,"column":114}},"type":"default-arg","locations":[{"start":{"line":16,"column":110},"end":{"line":16,"column":114}}],"line":16},"5":{"loc":{"start":{"line":32,"column":62},"end":{"line":32,"column":77}},"type":"default-arg","locations":[{"start":{"line":32,"column":73},"end":{"line":32,"column":77}}],"line":32},"6":{"loc":{"start":{"line":32,"column":79},"end":{"line":32,"column":95}},"type":"default-arg","locations":[{"start":{"line":32,"column":91},"end":{"line":32,"column":95}}],"line":32},"7":{"loc":{"start":{"line":32,"column":97},"end":{"line":32,"column":114}},"type":"default-arg","locations":[{"start":{"line":32,"column":110},"end":{"line":32,"column":114}}],"line":32},"8":{"loc":{"start":{"line":32,"column":116},"end":{"line":32,"column":132}},"type":"default-arg","locations":[{"start":{"line":32,"column":128},"end":{"line":32,"column":132}}],"line":32},"9":{"loc":{"start":{"line":53,"column":4},"end":{"line":53,"column":99}},"type":"if","locations":[{"start":{"line":53,"column":4},"end":{"line":53,"column":99}},{"start":{},"end":{}}],"line":53},"10":{"loc":{"start":{"line":53,"column":8},"end":{"line":53,"column":55}},"type":"binary-expr","locations":[{"start":{"line":53,"column":8},"end":{"line":53,"column":23}},{"start":{"line":53,"column":27},"end":{"line":53,"column":55}}],"line":53},"11":{"loc":{"start":{"line":54,"column":4},"end":{"line":54,"column":100}},"type":"if","locations":[{"start":{"line":54,"column":4},"end":{"line":54,"column":100}},{"start":{},"end":{}}],"line":54},"12":{"loc":{"start":{"line":54,"column":8},"end":{"line":54,"column":57}},"type":"binary-expr","locations":[{"start":{"line":54,"column":8},"end":{"line":54,"column":24}},{"start":{"line":54,"column":28},"end":{"line":54,"column":57}}],"line":54},"13":{"loc":{"start":{"line":55,"column":4},"end":{"line":55,"column":98}},"type":"if","locations":[{"start":{"line":55,"column":4},"end":{"line":55,"column":98}},{"start":{},"end":{}}],"line":55},"14":{"loc":{"start":{"line":55,"column":8},"end":{"line":55,"column":58}},"type":"binary-expr","locations":[{"start":{"line":55,"column":8},"end":{"line":55,"column":20}},{"start":{"line":55,"column":24},"end":{"line":55,"column":39}},{"start":{"line":55,"column":43},"end":{"line":55,"column":58}}],"line":55},"15":{"loc":{"start":{"line":56,"column":4},"end":{"line":56,"column":105}},"type":"if","locations":[{"start":{"line":56,"column":4},"end":{"line":56,"column":105}},{"start":{},"end":{}}],"line":56},"16":{"loc":{"start":{"line":56,"column":8},"end":{"line":56,"column":55}},"type":"binary-expr","locations":[{"start":{"line":56,"column":8},"end":{"line":56,"column":21}},{"start":{"line":56,"column":25},"end":{"line":56,"column":55}}],"line":56},"17":{"loc":{"start":{"line":65,"column":56},"end":{"line":65,"column":71}},"type":"default-arg","locations":[{"start":{"line":65,"column":67},"end":{"line":65,"column":71}}],"line":65},"18":{"loc":{"start":{"line":82,"column":4},"end":{"line":82,"column":98}},"type":"if","locations":[{"start":{"line":82,"column":4},"end":{"line":82,"column":98}},{"start":{},"end":{}}],"line":82},"19":{"loc":{"start":{"line":82,"column":8},"end":{"line":82,"column":57}},"type":"binary-expr","locations":[{"start":{"line":82,"column":8},"end":{"line":82,"column":21}},{"start":{"line":82,"column":25},"end":{"line":82,"column":57}}],"line":82}},"s":{"0":0,"1":0,"2":0,"3":9,"4":9,"5":9,"6":9,"7":9,"8":9,"9":9,"10":9,"11":1,"12":1,"13":1,"14":1,"15":1,"16":1,"17":1,"18":1,"19":1,"20":1,"21":7,"22":1,"23":6,"24":1,"25":5,"26":2,"27":3,"28":2,"29":1,"30":0,"31":0,"32":0,"33":0,"34":0,"35":0,"36":0,"37":0,"38":0,"39":2},"f":{"0":0,"1":9,"2":1,"3":7,"4":0,"5":0},"b":{"0":[0],"1":[0],"2":[0],"3":[8],"4":[8],"5":[0],"6":[0],"7":[0],"8":[0],"9":[1,6],"10":[7,6],"11":[1,5],"12":[6,6],"13":[2,3],"14":[5,4,4],"15":[2,1],"16":[3,3],"17":[0],"18":[0,0],"19":[0,0]},"_coverageSchema":"1a1c01bbd47fc00a2c39e90264f33305004495a9","hash":"8146582ebfcd6a34304bee0117135824a5ee0759"}
,"D:\\NGUYENHUONG\\HOC\\PTUD\\BTL\\repositories\\review.repository.js": {"path":"D:\\NGUYENHUONG\\HOC\\PTUD\\BTL\\repositories\\review.repository.js","statementMap":{"0":{"start":{"line":1,"column":11},"end":{"line":1,"column":36}},"1":{"start":{"line":2,"column":40},"end":{"line":2,"column":73}},"2":{"start":{"line":9,"column":17},"end":{"line":9,"column":29}},"3":{"start":{"line":10,"column":19},"end":{"line":10,"column":89}},"4":{"start":{"line":11,"column":4},"end":{"line":11,"column":39}},"5":{"start":{"line":11,"column":27},"end":{"line":11,"column":39}},"6":{"start":{"line":12,"column":14},"end":{"line":12,"column":21}},"7":{"start":{"line":13,"column":4},"end":{"line":13,"column":50}},"8":{"start":{"line":17,"column":17},"end":{"line":17,"column":29}},"9":{"start":{"line":18,"column":19},"end":{"line":18,"column":77}},"10":{"start":{"line":19,"column":4},"end":{"line":19,"column":39}},"11":{"start":{"line":19,"column":27},"end":{"line":19,"column":39}},"12":{"start":{"line":20,"column":14},"end":{"line":20,"column":21}},"13":{"start":{"line":21,"column":4},"end":{"line":21,"column":50}},"14":{"start":{"line":25,"column":17},"end":{"line":25,"column":29}},"15":{"start":{"line":26,"column":21},"end":{"line":29,"column":5}},"16":{"start":{"line":30,"column":4},"end":{"line":30,"column":27}},"17":{"start":{"line":39,"column":17},"end":{"line":39,"column":29}},"18":{"start":{"line":40,"column":18},"end":{"line":53,"column":5}},"19":{"start":{"line":54,"column":19},"end":{"line":54,"column":42}},"20":{"start":{"line":55,"column":4},"end":{"line":60,"column":7}},"21":{"start":{"line":55,"column":25},"end":{"line":60,"column":5}},"22":{"start":{"line":64,"column":17},"end":{"line":64,"column":29}},"23":{"start":{"line":65,"column":18},"end":{"line":78,"column":5}},"24":{"start":{"line":79,"column":19},"end":{"line":79,"column":48}},"25":{"start":{"line":80,"column":4},"end":{"line":80,"column":39}},"26":{"start":{"line":80,"column":27},"end":{"line":80,"column":39}},"27":{"start":{"line":81,"column":14},"end":{"line":81,"column":21}},"28":{"start":{"line":82,"column":4},"end":{"line":87,"column":6}},"29":{"start":{"line":91,"column":17},"end":{"line":91,"column":29}},"30":{"start":{"line":93,"column":19},"end":{"line":96,"column":5}},"31":{"start":{"line":98,"column":4},"end":{"line":100,"column":5}},"32":{"start":{"line":99,"column":6},"end":{"line":99,"column":24}},"33":{"start":{"line":104,"column":21},"end":{"line":107,"column":5}},"34":{"start":{"line":108,"column":4},"end":{"line":108,"column":27}},"35":{"start":{"line":112,"column":17},"end":{"line":112,"column":29}},"36":{"start":{"line":113,"column":23},"end":{"line":113,"column":42}},"37":{"start":{"line":114,"column":18},"end":{"line":128,"column":5}},"38":{"start":{"line":129,"column":19},"end":{"line":129,"column":56}},"39":{"start":{"line":130,"column":4},"end":{"line":135,"column":7}},"40":{"start":{"line":130,"column":25},"end":{"line":135,"column":5}},"41":{"start":{"line":139,"column":17},"end":{"line":139,"column":29}},"42":{"start":{"line":140,"column":21},"end":{"line":140,"column":42}},"43":{"start":{"line":141,"column":18},"end":{"line":155,"column":5}},"44":{"start":{"line":156,"column":19},"end":{"line":156,"column":74}},"45":{"start":{"line":157,"column":4},"end":{"line":162,"column":7}},"46":{"start":{"line":157,"column":25},"end":{"line":162,"column":5}},"47":{"start":{"line":172,"column":17},"end":{"line":172,"column":29}},"48":{"start":{"line":173,"column":15},"end":{"line":173,"column":28}},"49":{"start":{"line":174,"column":17},"end":{"line":174,"column":32}},"50":{"start":{"line":176,"column":4},"end":{"line":243,"column":5}},"51":{"start":{"line":178,"column":25},"end":{"line":178,"column":106}},"52":{"start":{"line":179,"column":6},"end":{"line":179,"column":40}},"53":{"start":{"line":179,"column":33},"end":{"line":179,"column":40}},"54":{"start":{"line":181,"column":26},"end":{"line":181,"column":51}},"55":{"start":{"line":182,"column":27},"end":{"line":182,"column":50}},"56":{"start":{"line":184,"column":6},"end":{"line":240,"column":7}},"57":{"start":{"line":186,"column":22},"end":{"line":193,"column":9}},"58":{"start":{"line":194,"column":23},"end":{"line":194,"column":56}},"59":{"start":{"line":196,"column":8},"end":{"line":237,"column":9}},"60":{"start":{"line":197,"column":36},"end":{"line":197,"column":54}},"61":{"start":{"line":200,"column":10},"end":{"line":206,"column":11}},"62":{"start":{"line":201,"column":41},"end":{"line":201,"column":60}},"63":{"start":{"line":202,"column":32},"end":{"line":202,"column":78}},"64":{"start":{"line":203,"column":12},"end":{"line":203,"column":91}},"65":{"start":{"line":205,"column":12},"end":{"line":205,"column":82}},"66":{"start":{"line":208,"column":10},"end":{"line":231,"column":11}},"67":{"start":{"line":209,"column":24},"end":{"line":209,"column":55}},"68":{"start":{"line":210,"column":38},"end":{"line":210,"column":76}},"69":{"start":{"line":213,"column":12},"end":{"line":219,"column":13}},"70":{"start":{"line":214,"column":43},"end":{"line":214,"column":62}},"71":{"start":{"line":215,"column":34},"end":{"line":215,"column":80}},"72":{"start":{"line":216,"column":14},"end":{"line":216,"column":91}},"73":{"start":{"line":218,"column":14},"end":{"line":218,"column":82}},"74":{"start":{"line":221,"column":30},"end":{"line":221,"column":56}},"75":{"start":{"line":222,"column":12},"end":{"line":224,"column":13}},"76":{"start":{"line":223,"column":14},"end":{"line":223,"column":59}},"77":{"start":{"line":226,"column":12},"end":{"line":226,"column":58}},"78":{"start":{"line":227,"column":12},"end":{"line":227,"column":101}},"79":{"start":{"line":228,"column":12},"end":{"line":228,"column":150}},"80":{"start":{"line":230,"column":12},"end":{"line":230,"column":104}},"81":{"start":{"line":234,"column":31},"end":{"line":234,"column":65}},"82":{"start":{"line":235,"column":10},"end":{"line":235,"column":94}},"83":{"start":{"line":236,"column":10},"end":{"line":236,"column":127}},"84":{"start":{"line":239,"column":8},"end":{"line":239,"column":156}},"85":{"start":{"line":242,"column":6},"end":{"line":242,"column":94}},"86":{"start":{"line":248,"column":17},"end":{"line":248,"column":29}},"87":{"start":{"line":249,"column":4},"end":{"line":282,"column":5}},"88":{"start":{"line":251,"column":32},"end":{"line":251,"column":117}},"89":{"start":{"line":252,"column":6},"end":{"line":260,"column":7}},"90":{"start":{"line":254,"column":27},"end":{"line":254,"column":101}},"91":{"start":{"line":255,"column":8},"end":{"line":258,"column":9}},"92":{"start":{"line":256,"column":10},"end":{"line":256,"column":87}},"93":{"start":{"line":257,"column":10},"end":{"line":257,"column":106}},"94":{"start":{"line":259,"column":8},"end":{"line":259,"column":15}},"95":{"start":{"line":263,"column":20},"end":{"line":270,"column":7}},"96":{"start":{"line":271,"column":21},"end":{"line":271,"column":54}},"97":{"start":{"line":273,"column":20},"end":{"line":273,"column":26}},"98":{"start":{"line":274,"column":6},"end":{"line":276,"column":7}},"99":{"start":{"line":275,"column":8},"end":{"line":275,"column":55}},"100":{"start":{"line":275,"column":34},"end":{"line":275,"column":42}},"101":{"start":{"line":278,"column":6},"end":{"line":278,"column":84}},"102":{"start":{"line":279,"column":6},"end":{"line":279,"column":106}},"103":{"start":{"line":281,"column":6},"end":{"line":281,"column":82}},"104":{"start":{"line":291,"column":17},"end":{"line":291,"column":29}},"105":{"start":{"line":292,"column":18},"end":{"line":298,"column":5}},"106":{"start":{"line":299,"column":19},"end":{"line":299,"column":42}},"107":{"start":{"line":300,"column":4},"end":{"line":300,"column":37}},"108":{"start":{"line":300,"column":27},"end":{"line":300,"column":37}},"109":{"start":{"line":302,"column":20},"end":{"line":311,"column":6}},"110":{"start":{"line":303,"column":21},"end":{"line":306,"column":7}},"111":{"start":{"line":307,"column":6},"end":{"line":307,"column":29}},"112":{"start":{"line":308,"column":6},"end":{"line":308,"column":30}},"113":{"start":{"line":309,"column":6},"end":{"line":309,"column":25}},"114":{"start":{"line":310,"column":6},"end":{"line":310,"column":20}},"115":{"start":{"line":313,"column":22},"end":{"line":313,"column":44}},"116":{"start":{"line":313,"column":39},"end":{"line":313,"column":43}},"117":{"start":{"line":314,"column":22},"end":{"line":319,"column":19}},"118":{"start":{"line":321,"column":22},"end":{"line":325,"column":19}},"119":{"start":{"line":327,"column":4},"end":{"line":333,"column":5}},"120":{"start":{"line":328,"column":21},"end":{"line":328,"column":62}},"121":{"start":{"line":328,"column":39},"end":{"line":328,"column":61}},"122":{"start":{"line":329,"column":6},"end":{"line":332,"column":7}},"123":{"start":{"line":330,"column":8},"end":{"line":330,"column":50}},"124":{"start":{"line":331,"column":8},"end":{"line":331,"column":49}},"125":{"start":{"line":335,"column":4},"end":{"line":340,"column":5}},"126":{"start":{"line":336,"column":21},"end":{"line":336,"column":62}},"127":{"start":{"line":336,"column":39},"end":{"line":336,"column":61}},"128":{"start":{"line":337,"column":6},"end":{"line":339,"column":7}},"129":{"start":{"line":338,"column":8},"end":{"line":338,"column":43}},"130":{"start":{"line":342,"column":4},"end":{"line":344,"column":6}},"131":{"start":{"line":343,"column":24},"end":{"line":343,"column":82}},"132":{"start":{"line":346,"column":4},"end":{"line":346,"column":19}},"133":{"start":{"line":350,"column":17},"end":{"line":350,"column":29}},"134":{"start":{"line":351,"column":18},"end":{"line":357,"column":5}},"135":{"start":{"line":358,"column":19},"end":{"line":358,"column":48}},"136":{"start":{"line":359,"column":4},"end":{"line":359,"column":39}},"137":{"start":{"line":359,"column":27},"end":{"line":359,"column":39}},"138":{"start":{"line":360,"column":14},"end":{"line":360,"column":21}},"139":{"start":{"line":361,"column":19},"end":{"line":364,"column":5}},"140":{"start":{"line":365,"column":4},"end":{"line":365,"column":27}},"141":{"start":{"line":366,"column":4},"end":{"line":366,"column":28}},"142":{"start":{"line":367,"column":4},"end":{"line":367,"column":23}},"143":{"start":{"line":369,"column":22},"end":{"line":374,"column":12}},"144":{"start":{"line":375,"column":4},"end":{"line":378,"column":5}},"145":{"start":{"line":376,"column":6},"end":{"line":376,"column":39}},"146":{"start":{"line":377,"column":6},"end":{"line":377,"column":38}},"147":{"start":{"line":380,"column":22},"end":{"line":384,"column":12}},"148":{"start":{"line":385,"column":4},"end":{"line":387,"column":5}},"149":{"start":{"line":386,"column":6},"end":{"line":386,"column":41}},"150":{"start":{"line":389,"column":4},"end":{"line":394,"column":7}},"151":{"start":{"line":396,"column":4},"end":{"line":396,"column":18}},"152":{"start":{"line":400,"column":17},"end":{"line":400,"column":29}},"153":{"start":{"line":401,"column":18},"end":{"line":408,"column":5}},"154":{"start":{"line":409,"column":19},"end":{"line":409,"column":52}},"155":{"start":{"line":410,"column":4},"end":{"line":410,"column":37}},"156":{"start":{"line":410,"column":27},"end":{"line":410,"column":37}},"157":{"start":{"line":412,"column":20},"end":{"line":421,"column":6}},"158":{"start":{"line":413,"column":21},"end":{"line":416,"column":7}},"159":{"start":{"line":417,"column":6},"end":{"line":417,"column":29}},"160":{"start":{"line":418,"column":6},"end":{"line":418,"column":30}},"161":{"start":{"line":419,"column":6},"end":{"line":419,"column":25}},"162":{"start":{"line":420,"column":6},"end":{"line":420,"column":20}},"163":{"start":{"line":423,"column":22},"end":{"line":423,"column":44}},"164":{"start":{"line":423,"column":39},"end":{"line":423,"column":43}},"165":{"start":{"line":424,"column":22},"end":{"line":429,"column":19}},"166":{"start":{"line":431,"column":22},"end":{"line":435,"column":19}},"167":{"start":{"line":437,"column":4},"end":{"line":443,"column":5}},"168":{"start":{"line":438,"column":21},"end":{"line":438,"column":62}},"169":{"start":{"line":438,"column":39},"end":{"line":438,"column":61}},"170":{"start":{"line":439,"column":6},"end":{"line":442,"column":7}},"171":{"start":{"line":440,"column":8},"end":{"line":440,"column":50}},"172":{"start":{"line":441,"column":8},"end":{"line":441,"column":49}},"173":{"start":{"line":445,"column":4},"end":{"line":450,"column":5}},"174":{"start":{"line":446,"column":21},"end":{"line":446,"column":62}},"175":{"start":{"line":446,"column":39},"end":{"line":446,"column":61}},"176":{"start":{"line":447,"column":6},"end":{"line":449,"column":7}},"177":{"start":{"line":448,"column":8},"end":{"line":448,"column":43}},"178":{"start":{"line":452,"column":4},"end":{"line":454,"column":6}},"179":{"start":{"line":453,"column":24},"end":{"line":453,"column":82}},"180":{"start":{"line":456,"column":4},"end":{"line":456,"column":19}},"181":{"start":{"line":460,"column":17},"end":{"line":460,"column":29}},"182":{"start":{"line":461,"column":4},"end":{"line":461,"column":152}},"183":{"start":{"line":463,"column":21},"end":{"line":466,"column":5}},"184":{"start":{"line":467,"column":21},"end":{"line":467,"column":36}},"185":{"start":{"line":468,"column":4},"end":{"line":468,"column":89}},"186":{"start":{"line":470,"column":4},"end":{"line":477,"column":5}},"187":{"start":{"line":471,"column":6},"end":{"line":471,"column":94}},"188":{"start":{"line":472,"column":31},"end":{"line":472,"column":74}},"189":{"start":{"line":472,"column":56},"end":{"line":472,"column":73}},"190":{"start":{"line":473,"column":6},"end":{"line":476,"column":8}},"191":{"start":{"line":479,"column":4},"end":{"line":498,"column":5}},"192":{"start":{"line":480,"column":6},"end":{"line":480,"column":95}},"193":{"start":{"line":481,"column":6},"end":{"line":497,"column":7}},"194":{"start":{"line":482,"column":26},"end":{"line":482,"column":37}},"195":{"start":{"line":483,"column":8},"end":{"line":483,"column":45}},"196":{"start":{"line":483,"column":36},"end":{"line":483,"column":45}},"197":{"start":{"line":485,"column":24},"end":{"line":485,"column":97}},"198":{"start":{"line":487,"column":8},"end":{"line":494,"column":9}},"199":{"start":{"line":488,"column":30},"end":{"line":488,"column":125}},"200":{"start":{"line":489,"column":10},"end":{"line":489,"column":37}},"201":{"start":{"line":490,"column":10},"end":{"line":490,"column":115}},"202":{"start":{"line":492,"column":10},"end":{"line":492,"column":32}},"203":{"start":{"line":493,"column":10},"end":{"line":493,"column":115}},"204":{"start":{"line":495,"column":8},"end":{"line":495,"column":123}},"205":{"start":{"line":496,"column":8},"end":{"line":496,"column":107}},"206":{"start":{"line":500,"column":4},"end":{"line":506,"column":5}},"207":{"start":{"line":501,"column":27},"end":{"line":501,"column":61}},"208":{"start":{"line":501,"column":47},"end":{"line":501,"column":60}},"209":{"start":{"line":502,"column":6},"end":{"line":505,"column":8}},"210":{"start":{"line":508,"column":4},"end":{"line":508,"column":20}},"211":{"start":{"line":512,"column":17},"end":{"line":512,"column":29}},"212":{"start":{"line":513,"column":15},"end":{"line":513,"column":28}},"213":{"start":{"line":514,"column":17},"end":{"line":514,"column":32}},"214":{"start":{"line":515,"column":4},"end":{"line":515,"column":148}},"215":{"start":{"line":517,"column":4},"end":{"line":520,"column":6}},"216":{"start":{"line":522,"column":4},"end":{"line":522,"column":93}},"217":{"start":{"line":523,"column":4},"end":{"line":523,"column":80}},"218":{"start":{"line":525,"column":4},"end":{"line":532,"column":5}},"219":{"start":{"line":526,"column":6},"end":{"line":526,"column":98}},"220":{"start":{"line":527,"column":31},"end":{"line":527,"column":68}},"221":{"start":{"line":527,"column":56},"end":{"line":527,"column":67}},"222":{"start":{"line":528,"column":6},"end":{"line":531,"column":8}},"223":{"start":{"line":534,"column":4},"end":{"line":553,"column":5}},"224":{"start":{"line":535,"column":6},"end":{"line":535,"column":99}},"225":{"start":{"line":536,"column":6},"end":{"line":552,"column":7}},"226":{"start":{"line":537,"column":26},"end":{"line":537,"column":37}},"227":{"start":{"line":538,"column":8},"end":{"line":538,"column":45}},"228":{"start":{"line":538,"column":36},"end":{"line":538,"column":45}},"229":{"start":{"line":540,"column":24},"end":{"line":540,"column":97}},"230":{"start":{"line":542,"column":8},"end":{"line":549,"column":9}},"231":{"start":{"line":543,"column":30},"end":{"line":543,"column":125}},"232":{"start":{"line":544,"column":10},"end":{"line":544,"column":37}},"233":{"start":{"line":545,"column":10},"end":{"line":545,"column":115}},"234":{"start":{"line":547,"column":10},"end":{"line":547,"column":32}},"235":{"start":{"line":548,"column":10},"end":{"line":548,"column":115}},"236":{"start":{"line":550,"column":8},"end":{"line":550,"column":117}},"237":{"start":{"line":551,"column":8},"end":{"line":551,"column":101}},"238":{"start":{"line":555,"column":25},"end":{"line":555,"column":107}},"239":{"start":{"line":556,"column":21},"end":{"line":556,"column":54}},"240":{"start":{"line":556,"column":41},"end":{"line":556,"column":53}},"241":{"start":{"line":558,"column":26},"end":{"line":558,"column":71}},"242":{"start":{"line":558,"column":47},"end":{"line":558,"column":70}},"243":{"start":{"line":559,"column":23},"end":{"line":559,"column":68}},"244":{"start":{"line":559,"column":46},"end":{"line":559,"column":67}},"245":{"start":{"line":561,"column":4},"end":{"line":579,"column":5}},"246":{"start":{"line":563,"column":6},"end":{"line":569,"column":7}},"247":{"start":{"line":564,"column":37},"end":{"line":564,"column":56}},"248":{"start":{"line":565,"column":28},"end":{"line":565,"column":74}},"249":{"start":{"line":566,"column":8},"end":{"line":566,"column":71}},"250":{"start":{"line":568,"column":8},"end":{"line":568,"column":62}},"251":{"start":{"line":571,"column":6},"end":{"line":577,"column":7}},"252":{"start":{"line":572,"column":8},"end":{"line":576,"column":9}},"253":{"start":{"line":573,"column":10},"end":{"line":573,"column":34}},"254":{"start":{"line":575,"column":10},"end":{"line":575,"column":82}},"255":{"start":{"line":578,"column":6},"end":{"line":578,"column":106}},"256":{"start":{"line":581,"column":4},"end":{"line":587,"column":5}},"257":{"start":{"line":582,"column":27},"end":{"line":582,"column":55}},"258":{"start":{"line":582,"column":47},"end":{"line":582,"column":54}},"259":{"start":{"line":583,"column":6},"end":{"line":586,"column":8}},"260":{"start":{"line":589,"column":4},"end":{"line":589,"column":16}},"261":{"start":{"line":593,"column":17},"end":{"line":593,"column":29}},"262":{"start":{"line":594,"column":15},"end":{"line":594,"column":28}},"263":{"start":{"line":595,"column":17},"end":{"line":595,"column":32}},"264":{"start":{"line":597,"column":22},"end":{"line":597,"column":104}},"265":{"start":{"line":598,"column":4},"end":{"line":615,"column":5}},"266":{"start":{"line":600,"column":6},"end":{"line":606,"column":7}},"267":{"start":{"line":601,"column":37},"end":{"line":601,"column":56}},"268":{"start":{"line":602,"column":28},"end":{"line":602,"column":74}},"269":{"start":{"line":603,"column":8},"end":{"line":603,"column":76}},"270":{"start":{"line":605,"column":8},"end":{"line":605,"column":67}},"271":{"start":{"line":608,"column":6},"end":{"line":614,"column":7}},"272":{"start":{"line":609,"column":8},"end":{"line":613,"column":9}},"273":{"start":{"line":610,"column":10},"end":{"line":610,"column":34}},"274":{"start":{"line":612,"column":10},"end":{"line":612,"column":97}},"275":{"start":{"line":617,"column":4},"end":{"line":617,"column":63}},"276":{"start":{"line":618,"column":4},"end":{"line":618,"column":16}},"277":{"start":{"line":624,"column":17},"end":{"line":624,"column":29}},"278":{"start":{"line":625,"column":19},"end":{"line":625,"column":98}},"279":{"start":{"line":626,"column":4},"end":{"line":626,"column":16}},"280":{"start":{"line":635,"column":17},"end":{"line":635,"column":29}},"281":{"start":{"line":636,"column":18},"end":{"line":642,"column":5}},"282":{"start":{"line":643,"column":19},"end":{"line":643,"column":54}},"283":{"start":{"line":644,"column":4},"end":{"line":646,"column":7}},"284":{"start":{"line":644,"column":25},"end":{"line":646,"column":5}},"285":{"start":{"line":650,"column":17},"end":{"line":650,"column":29}},"286":{"start":{"line":651,"column":19},"end":{"line":651,"column":80}},"287":{"start":{"line":652,"column":4},"end":{"line":652,"column":39}},"288":{"start":{"line":652,"column":27},"end":{"line":652,"column":39}},"289":{"start":{"line":653,"column":14},"end":{"line":653,"column":21}},"290":{"start":{"line":654,"column":4},"end":{"line":654,"column":78}},"291":{"start":{"line":658,"column":17},"end":{"line":658,"column":29}},"292":{"start":{"line":659,"column":21},"end":{"line":662,"column":5}},"293":{"start":{"line":663,"column":4},"end":{"line":663,"column":27}},"294":{"start":{"line":667,"column":17},"end":{"line":667,"column":29}},"295":{"start":{"line":668,"column":4},"end":{"line":668,"column":64}},"296":{"start":{"line":669,"column":4},"end":{"line":669,"column":16}},"297":{"start":{"line":674,"column":0},"end":{"line":680,"column":2}}},"fnMap":{"0":{"name":"(anonymous_0)","decl":{"start":{"line":8,"column":2},"end":{"line":8,"column":3}},"loc":{"start":{"line":8,"column":33},"end":{"line":14,"column":3}},"line":8},"1":{"name":"(anonymous_1)","decl":{"start":{"line":16,"column":2},"end":{"line":16,"column":3}},"loc":{"start":{"line":16,"column":21},"end":{"line":22,"column":3}},"line":16},"2":{"name":"(anonymous_2)","decl":{"start":{"line":24,"column":2},"end":{"line":24,"column":3}},"loc":{"start":{"line":24,"column":41},"end":{"line":31,"column":3}},"line":24},"3":{"name":"(anonymous_3)","decl":{"start":{"line":38,"column":2},"end":{"line":38,"column":3}},"loc":{"start":{"line":38,"column":17},"end":{"line":61,"column":3}},"line":38},"4":{"name":"(anonymous_4)","decl":{"start":{"line":55,"column":20},"end":{"line":55,"column":21}},"loc":{"start":{"line":55,"column":25},"end":{"line":60,"column":5}},"line":55},"5":{"name":"(anonymous_5)","decl":{"start":{"line":63,"column":2},"end":{"line":63,"column":3}},"loc":{"start":{"line":63,"column":20},"end":{"line":88,"column":3}},"line":63},"6":{"name":"(anonymous_6)","decl":{"start":{"line":90,"column":2},"end":{"line":90,"column":3}},"loc":{"start":{"line":90,"column":35},"end":{"line":109,"column":3}},"line":90},"7":{"name":"(anonymous_7)","decl":{"start":{"line":111,"column":2},"end":{"line":111,"column":3}},"loc":{"start":{"line":111,"column":26},"end":{"line":136,"column":3}},"line":111},"8":{"name":"(anonymous_8)","decl":{"start":{"line":130,"column":20},"end":{"line":130,"column":21}},"loc":{"start":{"line":130,"column":25},"end":{"line":135,"column":5}},"line":130},"9":{"name":"(anonymous_9)","decl":{"start":{"line":138,"column":2},"end":{"line":138,"column":3}},"loc":{"start":{"line":138,"column":29},"end":{"line":163,"column":3}},"line":138},"10":{"name":"(anonymous_10)","decl":{"start":{"line":157,"column":20},"end":{"line":157,"column":21}},"loc":{"start":{"line":157,"column":25},"end":{"line":162,"column":5}},"line":157},"11":{"name":"(anonymous_11)","decl":{"start":{"line":166,"column":2},"end":{"line":166,"column":3}},"loc":{"start":{"line":166,"column":29},"end":{"line":168,"column":3}},"line":166},"12":{"name":"(anonymous_12)","decl":{"start":{"line":171,"column":2},"end":{"line":171,"column":3}},"loc":{"start":{"line":171,"column":38},"end":{"line":244,"column":3}},"line":171},"13":{"name":"(anonymous_13)","decl":{"start":{"line":247,"column":2},"end":{"line":247,"column":3}},"loc":{"start":{"line":247,"column":27},"end":{"line":283,"column":3}},"line":247},"14":{"name":"(anonymous_14)","decl":{"start":{"line":275,"column":27},"end":{"line":275,"column":28}},"loc":{"start":{"line":275,"column":34},"end":{"line":275,"column":42}},"line":275},"15":{"name":"(anonymous_15)","decl":{"start":{"line":290,"column":2},"end":{"line":290,"column":3}},"loc":{"start":{"line":290,"column":17},"end":{"line":347,"column":3}},"line":290},"16":{"name":"(anonymous_16)","decl":{"start":{"line":302,"column":29},"end":{"line":302,"column":30}},"loc":{"start":{"line":302,"column":34},"end":{"line":311,"column":5}},"line":302},"17":{"name":"(anonymous_17)","decl":{"start":{"line":313,"column":34},"end":{"line":313,"column":35}},"loc":{"start":{"line":313,"column":39},"end":{"line":313,"column":43}},"line":313},"18":{"name":"(anonymous_18)","decl":{"start":{"line":328,"column":34},"end":{"line":328,"column":35}},"loc":{"start":{"line":328,"column":39},"end":{"line":328,"column":61}},"line":328},"19":{"name":"(anonymous_19)","decl":{"start":{"line":336,"column":34},"end":{"line":336,"column":35}},"loc":{"start":{"line":336,"column":39},"end":{"line":336,"column":61}},"line":336},"20":{"name":"(anonymous_20)","decl":{"start":{"line":343,"column":18},"end":{"line":343,"column":19}},"loc":{"start":{"line":343,"column":24},"end":{"line":343,"column":82}},"line":343},"21":{"name":"(anonymous_21)","decl":{"start":{"line":349,"column":2},"end":{"line":349,"column":3}},"loc":{"start":{"line":349,"column":20},"end":{"line":397,"column":3}},"line":349},"22":{"name":"(anonymous_22)","decl":{"start":{"line":399,"column":2},"end":{"line":399,"column":3}},"loc":{"start":{"line":399,"column":28},"end":{"line":457,"column":3}},"line":399},"23":{"name":"(anonymous_23)","decl":{"start":{"line":412,"column":29},"end":{"line":412,"column":30}},"loc":{"start":{"line":412,"column":34},"end":{"line":421,"column":5}},"line":412},"24":{"name":"(anonymous_24)","decl":{"start":{"line":423,"column":34},"end":{"line":423,"column":35}},"loc":{"start":{"line":423,"column":39},"end":{"line":423,"column":43}},"line":423},"25":{"name":"(anonymous_25)","decl":{"start":{"line":438,"column":34},"end":{"line":438,"column":35}},"loc":{"start":{"line":438,"column":39},"end":{"line":438,"column":61}},"line":438},"26":{"name":"(anonymous_26)","decl":{"start":{"line":446,"column":34},"end":{"line":446,"column":35}},"loc":{"start":{"line":446,"column":39},"end":{"line":446,"column":61}},"line":446},"27":{"name":"(anonymous_27)","decl":{"start":{"line":453,"column":18},"end":{"line":453,"column":19}},"loc":{"start":{"line":453,"column":24},"end":{"line":453,"column":82}},"line":453},"28":{"name":"(anonymous_28)","decl":{"start":{"line":459,"column":2},"end":{"line":459,"column":3}},"loc":{"start":{"line":459,"column":106},"end":{"line":509,"column":3}},"line":459},"29":{"name":"(anonymous_29)","decl":{"start":{"line":472,"column":47},"end":{"line":472,"column":48}},"loc":{"start":{"line":472,"column":56},"end":{"line":472,"column":73}},"line":472},"30":{"name":"(anonymous_30)","decl":{"start":{"line":501,"column":42},"end":{"line":501,"column":43}},"loc":{"start":{"line":501,"column":47},"end":{"line":501,"column":60}},"line":501},"31":{"name":"(anonymous_31)","decl":{"start":{"line":511,"column":2},"end":{"line":511,"column":3}},"loc":{"start":{"line":511,"column":94},"end":{"line":590,"column":3}},"line":511},"32":{"name":"(anonymous_32)","decl":{"start":{"line":527,"column":47},"end":{"line":527,"column":48}},"loc":{"start":{"line":527,"column":56},"end":{"line":527,"column":67}},"line":527},"33":{"name":"(anonymous_33)","decl":{"start":{"line":556,"column":36},"end":{"line":556,"column":37}},"loc":{"start":{"line":556,"column":41},"end":{"line":556,"column":53}},"line":556},"34":{"name":"(anonymous_34)","decl":{"start":{"line":558,"column":42},"end":{"line":558,"column":43}},"loc":{"start":{"line":558,"column":47},"end":{"line":558,"column":70}},"line":558},"35":{"name":"(anonymous_35)","decl":{"start":{"line":559,"column":41},"end":{"line":559,"column":42}},"loc":{"start":{"line":559,"column":46},"end":{"line":559,"column":67}},"line":559},"36":{"name":"(anonymous_36)","decl":{"start":{"line":582,"column":42},"end":{"line":582,"column":43}},"loc":{"start":{"line":582,"column":47},"end":{"line":582,"column":54}},"line":582},"37":{"name":"(anonymous_37)","decl":{"start":{"line":592,"column":2},"end":{"line":592,"column":3}},"loc":{"start":{"line":592,"column":19},"end":{"line":619,"column":3}},"line":592},"38":{"name":"(anonymous_38)","decl":{"start":{"line":623,"column":2},"end":{"line":623,"column":3}},"loc":{"start":{"line":623,"column":17},"end":{"line":627,"column":3}},"line":623},"39":{"name":"(anonymous_39)","decl":{"start":{"line":634,"column":2},"end":{"line":634,"column":3}},"loc":{"start":{"line":634,"column":32},"end":{"line":647,"column":3}},"line":634},"40":{"name":"(anonymous_40)","decl":{"start":{"line":644,"column":20},"end":{"line":644,"column":21}},"loc":{"start":{"line":644,"column":25},"end":{"line":646,"column":5}},"line":644},"41":{"name":"(anonymous_41)","decl":{"start":{"line":649,"column":2},"end":{"line":649,"column":3}},"loc":{"start":{"line":649,"column":20},"end":{"line":655,"column":3}},"line":649},"42":{"name":"(anonymous_42)","decl":{"start":{"line":657,"column":2},"end":{"line":657,"column":3}},"loc":{"start":{"line":657,"column":42},"end":{"line":664,"column":3}},"line":657},"43":{"name":"(anonymous_43)","decl":{"start":{"line":666,"column":2},"end":{"line":666,"column":3}},"loc":{"start":{"line":666,"column":19},"end":{"line":670,"column":3}},"line":666}},"branchMap":{"0":{"loc":{"start":{"line":11,"column":4},"end":{"line":11,"column":39}},"type":"if","locations":[{"start":{"line":11,"column":4},"end":{"line":11,"column":39}},{"start":{},"end":{}}],"line":11},"1":{"loc":{"start":{"line":19,"column":4},"end":{"line":19,"column":39}},"type":"if","locations":[{"start":{"line":19,"column":4},"end":{"line":19,"column":39}},{"start":{},"end":{}}],"line":19},"2":{"loc":{"start":{"line":57,"column":17},"end":{"line":57,"column":37}},"type":"binary-expr","locations":[{"start":{"line":57,"column":17},"end":{"line":57,"column":32}},{"start":{"line":57,"column":36},"end":{"line":57,"column":37}}],"line":57},"3":{"loc":{"start":{"line":58,"column":15},"end":{"line":58,"column":33}},"type":"binary-expr","locations":[{"start":{"line":58,"column":15},"end":{"line":58,"column":28}},{"start":{"line":58,"column":32},"end":{"line":58,"column":33}}],"line":58},"4":{"loc":{"start":{"line":80,"column":4},"end":{"line":80,"column":39}},"type":"if","locations":[{"start":{"line":80,"column":4},"end":{"line":80,"column":39}},{"start":{},"end":{}}],"line":80},"5":{"loc":{"start":{"line":84,"column":17},"end":{"line":84,"column":37}},"type":"binary-expr","locations":[{"start":{"line":84,"column":17},"end":{"line":84,"column":32}},{"start":{"line":84,"column":36},"end":{"line":84,"column":37}}],"line":84},"6":{"loc":{"start":{"line":85,"column":15},"end":{"line":85,"column":33}},"type":"binary-expr","locations":[{"start":{"line":85,"column":15},"end":{"line":85,"column":28}},{"start":{"line":85,"column":32},"end":{"line":85,"column":33}}],"line":85},"7":{"loc":{"start":{"line":98,"column":4},"end":{"line":100,"column":5}},"type":"if","locations":[{"start":{"line":98,"column":4},"end":{"line":100,"column":5}},{"start":{},"end":{}}],"line":98},"8":{"loc":{"start":{"line":132,"column":17},"end":{"line":132,"column":37}},"type":"binary-expr","locations":[{"start":{"line":132,"column":17},"end":{"line":132,"column":32}},{"start":{"line":132,"column":36},"end":{"line":132,"column":37}}],"line":132},"9":{"loc":{"start":{"line":133,"column":15},"end":{"line":133,"column":33}},"type":"binary-expr","locations":[{"start":{"line":133,"column":15},"end":{"line":133,"column":28}},{"start":{"line":133,"column":32},"end":{"line":133,"column":33}}],"line":133},"10":{"loc":{"start":{"line":159,"column":17},"end":{"line":159,"column":37}},"type":"binary-expr","locations":[{"start":{"line":159,"column":17},"end":{"line":159,"column":32}},{"start":{"line":159,"column":36},"end":{"line":159,"column":37}}],"line":159},"11":{"loc":{"start":{"line":160,"column":15},"end":{"line":160,"column":33}},"type":"binary-expr","locations":[{"start":{"line":160,"column":15},"end":{"line":160,"column":28}},{"start":{"line":160,"column":32},"end":{"line":160,"column":33}}],"line":160},"12":{"loc":{"start":{"line":179,"column":6},"end":{"line":179,"column":40}},"type":"if","locations":[{"start":{"line":179,"column":6},"end":{"line":179,"column":40}},{"start":{},"end":{}}],"line":179},"13":{"loc":{"start":{"line":182,"column":27},"end":{"line":182,"column":50}},"type":"binary-expr","locations":[{"start":{"line":182,"column":27},"end":{"line":182,"column":44}},{"start":{"line":182,"column":48},"end":{"line":182,"column":50}}],"line":182},"14":{"loc":{"start":{"line":184,"column":6},"end":{"line":240,"column":7}},"type":"if","locations":[{"start":{"line":184,"column":6},"end":{"line":240,"column":7}},{"start":{"line":238,"column":13},"end":{"line":240,"column":7}}],"line":184},"15":{"loc":{"start":{"line":196,"column":8},"end":{"line":237,"column":9}},"type":"if","locations":[{"start":{"line":196,"column":8},"end":{"line":237,"column":9}},{"start":{"line":232,"column":15},"end":{"line":237,"column":9}}],"line":196},"16":{"loc":{"start":{"line":200,"column":10},"end":{"line":206,"column":11}},"type":"if","locations":[{"start":{"line":200,"column":10},"end":{"line":206,"column":11}},{"start":{"line":204,"column":17},"end":{"line":206,"column":11}}],"line":200},"17":{"loc":{"start":{"line":202,"column":32},"end":{"line":202,"column":78}},"type":"binary-expr","locations":[{"start":{"line":202,"column":32},"end":{"line":202,"column":43}},{"start":{"line":202,"column":47},"end":{"line":202,"column":78}}],"line":202},"18":{"loc":{"start":{"line":208,"column":10},"end":{"line":231,"column":11}},"type":"if","locations":[{"start":{"line":208,"column":10},"end":{"line":231,"column":11}},{"start":{"line":229,"column":17},"end":{"line":231,"column":11}}],"line":208},"19":{"loc":{"start":{"line":213,"column":12},"end":{"line":219,"column":13}},"type":"if","locations":[{"start":{"line":213,"column":12},"end":{"line":219,"column":13}},{"start":{"line":217,"column":19},"end":{"line":219,"column":13}}],"line":213},"20":{"loc":{"start":{"line":215,"column":34},"end":{"line":215,"column":80}},"type":"binary-expr","locations":[{"start":{"line":215,"column":34},"end":{"line":215,"column":45}},{"start":{"line":215,"column":49},"end":{"line":215,"column":80}}],"line":215},"21":{"loc":{"start":{"line":222,"column":12},"end":{"line":224,"column":13}},"type":"if","locations":[{"start":{"line":222,"column":12},"end":{"line":224,"column":13}},{"start":{},"end":{}}],"line":222},"22":{"loc":{"start":{"line":252,"column":6},"end":{"line":260,"column":7}},"type":"if","locations":[{"start":{"line":252,"column":6},"end":{"line":260,"column":7}},{"start":{},"end":{}}],"line":252},"23":{"loc":{"start":{"line":255,"column":8},"end":{"line":258,"column":9}},"type":"if","locations":[{"start":{"line":255,"column":8},"end":{"line":258,"column":9}},{"start":{},"end":{}}],"line":255},"24":{"loc":{"start":{"line":255,"column":12},"end":{"line":255,"column":60}},"type":"binary-expr","locations":[{"start":{"line":255,"column":12},"end":{"line":255,"column":31}},{"start":{"line":255,"column":35},"end":{"line":255,"column":60}}],"line":255},"25":{"loc":{"start":{"line":274,"column":6},"end":{"line":276,"column":7}},"type":"if","locations":[{"start":{"line":274,"column":6},"end":{"line":276,"column":7}},{"start":{},"end":{}}],"line":274},"26":{"loc":{"start":{"line":300,"column":4},"end":{"line":300,"column":37}},"type":"if","locations":[{"start":{"line":300,"column":4},"end":{"line":300,"column":37}},{"start":{},"end":{}}],"line":300},"27":{"loc":{"start":{"line":329,"column":6},"end":{"line":332,"column":7}},"type":"if","locations":[{"start":{"line":329,"column":6},"end":{"line":332,"column":7}},{"start":{},"end":{}}],"line":329},"28":{"loc":{"start":{"line":337,"column":6},"end":{"line":339,"column":7}},"type":"if","locations":[{"start":{"line":337,"column":6},"end":{"line":339,"column":7}},{"start":{},"end":{}}],"line":337},"29":{"loc":{"start":{"line":359,"column":4},"end":{"line":359,"column":39}},"type":"if","locations":[{"start":{"line":359,"column":4},"end":{"line":359,"column":39}},{"start":{},"end":{}}],"line":359},"30":{"loc":{"start":{"line":410,"column":4},"end":{"line":410,"column":37}},"type":"if","locations":[{"start":{"line":410,"column":4},"end":{"line":410,"column":37}},{"start":{},"end":{}}],"line":410},"31":{"loc":{"start":{"line":439,"column":6},"end":{"line":442,"column":7}},"type":"if","locations":[{"start":{"line":439,"column":6},"end":{"line":442,"column":7}},{"start":{},"end":{}}],"line":439},"32":{"loc":{"start":{"line":447,"column":6},"end":{"line":449,"column":7}},"type":"if","locations":[{"start":{"line":447,"column":6},"end":{"line":449,"column":7}},{"start":{},"end":{}}],"line":447},"33":{"loc":{"start":{"line":459,"column":48},"end":{"line":459,"column":64}},"type":"default-arg","locations":[{"start":{"line":459,"column":62},"end":{"line":459,"column":64}}],"line":459},"34":{"loc":{"start":{"line":459,"column":66},"end":{"line":459,"column":87}},"type":"default-arg","locations":[{"start":{"line":459,"column":85},"end":{"line":459,"column":87}}],"line":459},"35":{"loc":{"start":{"line":459,"column":89},"end":{"line":459,"column":104}},"type":"default-arg","locations":[{"start":{"line":459,"column":102},"end":{"line":459,"column":104}}],"line":459},"36":{"loc":{"start":{"line":470,"column":4},"end":{"line":477,"column":5}},"type":"if","locations":[{"start":{"line":470,"column":4},"end":{"line":477,"column":5}},{"start":{},"end":{}}],"line":470},"37":{"loc":{"start":{"line":470,"column":8},"end":{"line":470,"column":45}},"type":"binary-expr","locations":[{"start":{"line":470,"column":8},"end":{"line":470,"column":19}},{"start":{"line":470,"column":23},"end":{"line":470,"column":45}}],"line":470},"38":{"loc":{"start":{"line":479,"column":4},"end":{"line":498,"column":5}},"type":"if","locations":[{"start":{"line":479,"column":4},"end":{"line":498,"column":5}},{"start":{},"end":{}}],"line":479},"39":{"loc":{"start":{"line":479,"column":8},"end":{"line":479,"column":55}},"type":"binary-expr","locations":[{"start":{"line":479,"column":8},"end":{"line":479,"column":24}},{"start":{"line":479,"column":28},"end":{"line":479,"column":55}}],"line":479},"40":{"loc":{"start":{"line":483,"column":8},"end":{"line":483,"column":45}},"type":"if","locations":[{"start":{"line":483,"column":8},"end":{"line":483,"column":45}},{"start":{},"end":{}}],"line":483},"41":{"loc":{"start":{"line":487,"column":8},"end":{"line":494,"column":9}},"type":"if","locations":[{"start":{"line":487,"column":8},"end":{"line":494,"column":9}},{"start":{"line":491,"column":15},"end":{"line":494,"column":9}}],"line":487},"42":{"loc":{"start":{"line":500,"column":4},"end":{"line":506,"column":5}},"type":"if","locations":[{"start":{"line":500,"column":4},"end":{"line":506,"column":5}},{"start":{},"end":{}}],"line":500},"43":{"loc":{"start":{"line":500,"column":8},"end":{"line":500,"column":43}},"type":"binary-expr","locations":[{"start":{"line":500,"column":8},"end":{"line":500,"column":18}},{"start":{"line":500,"column":22},"end":{"line":500,"column":43}}],"line":500},"44":{"loc":{"start":{"line":511,"column":36},"end":{"line":511,"column":52}},"type":"default-arg","locations":[{"start":{"line":511,"column":50},"end":{"line":511,"column":52}}],"line":511},"45":{"loc":{"start":{"line":511,"column":54},"end":{"line":511,"column":75}},"type":"default-arg","locations":[{"start":{"line":511,"column":73},"end":{"line":511,"column":75}}],"line":511},"46":{"loc":{"start":{"line":511,"column":77},"end":{"line":511,"column":92}},"type":"default-arg","locations":[{"start":{"line":511,"column":90},"end":{"line":511,"column":92}}],"line":511},"47":{"loc":{"start":{"line":525,"column":4},"end":{"line":532,"column":5}},"type":"if","locations":[{"start":{"line":525,"column":4},"end":{"line":532,"column":5}},{"start":{},"end":{}}],"line":525},"48":{"loc":{"start":{"line":525,"column":8},"end":{"line":525,"column":45}},"type":"binary-expr","locations":[{"start":{"line":525,"column":8},"end":{"line":525,"column":19}},{"start":{"line":525,"column":23},"end":{"line":525,"column":45}}],"line":525},"49":{"loc":{"start":{"line":534,"column":4},"end":{"line":553,"column":5}},"type":"if","locations":[{"start":{"line":534,"column":4},"end":{"line":553,"column":5}},{"start":{},"end":{}}],"line":534},"50":{"loc":{"start":{"line":534,"column":8},"end":{"line":534,"column":55}},"type":"binary-expr","locations":[{"start":{"line":534,"column":8},"end":{"line":534,"column":24}},{"start":{"line":534,"column":28},"end":{"line":534,"column":55}}],"line":534},"51":{"loc":{"start":{"line":538,"column":8},"end":{"line":538,"column":45}},"type":"if","locations":[{"start":{"line":538,"column":8},"end":{"line":538,"column":45}},{"start":{},"end":{}}],"line":538},"52":{"loc":{"start":{"line":542,"column":8},"end":{"line":549,"column":9}},"type":"if","locations":[{"start":{"line":542,"column":8},"end":{"line":549,"column":9}},{"start":{"line":546,"column":15},"end":{"line":549,"column":9}}],"line":542},"53":{"loc":{"start":{"line":563,"column":6},"end":{"line":569,"column":7}},"type":"if","locations":[{"start":{"line":563,"column":6},"end":{"line":569,"column":7}},{"start":{"line":567,"column":13},"end":{"line":569,"column":7}}],"line":563},"54":{"loc":{"start":{"line":565,"column":28},"end":{"line":565,"column":74}},"type":"binary-expr","locations":[{"start":{"line":565,"column":28},"end":{"line":565,"column":39}},{"start":{"line":565,"column":43},"end":{"line":565,"column":74}}],"line":565},"55":{"loc":{"start":{"line":571,"column":6},"end":{"line":577,"column":7}},"type":"if","locations":[{"start":{"line":571,"column":6},"end":{"line":577,"column":7}},{"start":{},"end":{}}],"line":571},"56":{"loc":{"start":{"line":581,"column":4},"end":{"line":587,"column":5}},"type":"if","locations":[{"start":{"line":581,"column":4},"end":{"line":587,"column":5}},{"start":{},"end":{}}],"line":581},"57":{"loc":{"start":{"line":600,"column":6},"end":{"line":606,"column":7}},"type":"if","locations":[{"start":{"line":600,"column":6},"end":{"line":606,"column":7}},{"start":{"line":604,"column":13},"end":{"line":606,"column":7}}],"line":600},"58":{"loc":{"start":{"line":602,"column":28},"end":{"line":602,"column":74}},"type":"binary-expr","locations":[{"start":{"line":602,"column":28},"end":{"line":602,"column":39}},{"start":{"line":602,"column":43},"end":{"line":602,"column":74}}],"line":602},"59":{"loc":{"start":{"line":608,"column":6},"end":{"line":614,"column":7}},"type":"if","locations":[{"start":{"line":608,"column":6},"end":{"line":614,"column":7}},{"start":{},"end":{}}],"line":608},"60":{"loc":{"start":{"line":652,"column":4},"end":{"line":652,"column":39}},"type":"if","locations":[{"start":{"line":652,"column":4},"end":{"line":652,"column":39}},{"start":{},"end":{}}],"line":652}},"s":{"0":1,"1":1,"2":0,"3":0,"4":0,"5":0,"6":0,"7":0,"8":0,"9":0,"10":0,"11":0,"12":0,"13":0,"14":0,"15":0,"16":0,"17":0,"18":0,"19":0,"20":0,"21":0,"22":0,"23":0,"24":0,"25":0,"26":0,"27":0,"28":0,"29":0,"30":0,"31":0,"32":0,"33":0,"34":0,"35":0,"36":0,"37":0,"38":0,"39":0,"40":0,"41":8,"42":8,"43":8,"44":8,"45":8,"46":8,"47":0,"48":0,"49":0,"50":0,"51":0,"52":0,"53":0,"54":0,"55":0,"56":0,"57":0,"58":0,"59":0,"60":0,"61":0,"62":0,"63":0,"64":0,"65":0,"66":0,"67":0,"68":0,"69":0,"70":0,"71":0,"72":0,"73":0,"74":0,"75":0,"76":0,"77":0,"78":0,"79":0,"80":0,"81":0,"82":0,"83":0,"84":0,"85":0,"86":0,"87":0,"88":0,"89":0,"90":0,"91":0,"92":0,"93":0,"94":0,"95":0,"96":0,"97":0,"98":0,"99":0,"100":0,"101":0,"102":0,"103":0,"104":0,"105":0,"106":0,"107":0,"108":0,"109":0,"110":0,"111":0,"112":0,"113":0,"114":0,"115":0,"116":0,"117":0,"118":0,"119":0,"120":0,"121":0,"122":0,"123":0,"124":0,"125":0,"126":0,"127":0,"128":0,"129":0,"130":0,"131":0,"132":0,"133":0,"134":0,"135":0,"136":0,"137":0,"138":0,"139":0,"140":0,"141":0,"142":0,"143":0,"144":0,"145":0,"146":0,"147":0,"148":0,"149":0,"150":0,"151":0,"152":0,"153":0,"154":0,"155":0,"156":0,"157":0,"158":0,"159":0,"160":0,"161":0,"162":0,"163":0,"164":0,"165":0,"166":0,"167":0,"168":0,"169":0,"170":0,"171":0,"172":0,"173":0,"174":0,"175":0,"176":0,"177":0,"178":0,"179":0,"180":0,"181":1,"182":1,"183":1,"184":1,"185":1,"186":1,"187":1,"188":1,"189":1,"190":1,"191":1,"192":1,"193":1,"194":1,"195":1,"196":0,"197":1,"198":1,"199":1,"200":1,"201":1,"202":0,"203":0,"204":1,"205":1,"206":1,"207":1,"208":1,"209":1,"210":1,"211":0,"212":0,"213":0,"214":0,"215":0,"216":0,"217":0,"218":0,"219":0,"220":0,"221":0,"222":0,"223":0,"224":0,"225":0,"226":0,"227":0,"228":0,"229":0,"230":0,"231":0,"232":0,"233":0,"234":0,"235":0,"236":0,"237":0,"238":0,"239":0,"240":0,"241":0,"242":0,"243":0,"244":0,"245":0,"246":0,"247":0,"248":0,"249":0,"250":0,"251":0,"252":0,"253":0,"254":0,"255":0,"256":0,"257":0,"258":0,"259":0,"260":0,"261":1,"262":1,"263":1,"264":1,"265":1,"266":1,"267":0,"268":0,"269":0,"270":1,"271":1,"272":1,"273":1,"274":0,"275":1,"276":1,"277":0,"278":0,"279":0,"280":0,"281":0,"282":0,"283":0,"284":0,"285":0,"286":0,"287":0,"288":0,"289":0,"290":0,"291":0,"292":0,"293":0,"294":0,"295":0,"296":0,"297":1},"f":{"0":0,"1":0,"2":0,"3":0,"4":0,"5":0,"6":0,"7":0,"8":0,"9":8,"10":8,"11":0,"12":0,"13":0,"14":0,"15":0,"16":0,"17":0,"18":0,"19":0,"20":0,"21":0,"22":0,"23":0,"24":0,"25":0,"26":0,"27":0,"28":1,"29":1,"30":1,"31":0,"32":0,"33":0,"34":0,"35":0,"36":0,"37":1,"38":0,"39":0,"40":0,"41":0,"42":0,"43":0},"b":{"0":[0,0],"1":[0,0],"2":[0,0],"3":[0,0],"4":[0,0],"5":[0,0],"6":[0,0],"7":[0,0],"8":[0,0],"9":[0,0],"10":[8,8],"11":[8,8],"12":[0,0],"13":[0,0],"14":[0,0],"15":[0,0],"16":[0,0],"17":[0,0],"18":[0,0],"19":[0,0],"20":[0,0],"21":[0,0],"22":[0,0],"23":[0,0],"24":[0,0],"25":[0,0],"26":[0,0],"27":[0,0],"28":[0,0],"29":[0,0],"30":[0,0],"31":[0,0],"32":[0,0],"33":[0],"34":[0],"35":[0],"36":[1,0],"37":[1,1],"38":[1,0],"39":[1,1],"40":[0,1],"41":[1,0],"42":[1,0],"43":[1,1],"44":[0],"45":[0],"46":[0],"47":[0,0],"48":[0,0],"49":[0,0],"50":[0,0],"51":[0,0],"52":[0,0],"53":[0,0],"54":[0,0],"55":[0,0],"56":[0,0],"57":[0,1],"58":[0,0],"59":[1,0],"60":[0,0]},"_coverageSchema":"1a1c01bbd47fc00a2c39e90264f33305004495a9","hash":"d286be59817a8a5ae6fc13ba3dae146ab498cdf5"}
}
