TN:
SF:models\review.model.js
FN:5,(anonymous_0)
FN:16,(anonymous_1)
FN:32,(anonymous_2)
FN:52,(anonymous_3)
FN:65,(anonymous_4)
FN:81,(anonymous_5)
FNF:6
FNH:3
FNDA:0,(anonymous_0)
FNDA:9,(anonymous_1)
FNDA:1,(anonymous_2)
FNDA:7,(anonymous_3)
FNDA:0,(anonymous_4)
FNDA:0,(anonymous_5)
DA:6,0
DA:7,0
DA:8,0
DA:17,9
DA:18,9
DA:19,9
DA:20,9
DA:21,9
DA:22,9
DA:23,9
DA:24,9
DA:33,1
DA:34,1
DA:35,1
DA:36,1
DA:37,1
DA:38,1
DA:41,1
DA:42,1
DA:43,1
DA:44,1
DA:53,7
DA:54,6
DA:55,5
DA:56,3
DA:57,1
DA:66,0
DA:67,0
DA:68,0
DA:69,0
DA:70,0
DA:73,0
DA:82,0
DA:83,0
DA:87,2
LF:35
LH:24
BRDA:16,0,0,0
BRDA:16,1,0,0
BRDA:16,2,0,0
BRDA:16,3,0,8
BRDA:16,4,0,8
BRDA:32,5,0,0
BRDA:32,6,0,0
BRDA:32,7,0,0
BRDA:32,8,0,0
BRDA:53,9,0,1
BRDA:53,9,1,6
BRDA:53,10,0,7
BRDA:53,10,1,6
BRDA:54,11,0,1
BRDA:54,11,1,5
BRDA:54,12,0,6
BRDA:54,12,1,6
BRDA:55,13,0,2
BRDA:55,13,1,3
BRDA:55,14,0,5
BRDA:55,14,1,4
BRDA:55,14,2,4
BRDA:56,15,0,2
BRDA:56,15,1,1
BRDA:56,16,0,3
BRDA:56,16,1,3
BRDA:65,17,0,0
BRDA:82,18,0,0
BRDA:82,18,1,0
BRDA:82,19,0,0
BRDA:82,19,1,0
BRF:31
BRH:19
end_of_record
TN:
SF:repositories\review.repository.js
FN:8,(anonymous_0)
FN:16,(anonymous_1)
FN:24,(anonymous_2)
FN:38,(anonymous_3)
FN:55,(anonymous_4)
FN:63,(anonymous_5)
FN:90,(anonymous_6)
FN:111,(anonymous_7)
FN:130,(anonymous_8)
FN:138,(anonymous_9)
FN:157,(anonymous_10)
FN:166,(anonymous_11)
FN:171,(anonymous_12)
FN:247,(anonymous_13)
FN:275,(anonymous_14)
FN:290,(anonymous_15)
FN:302,(anonymous_16)
FN:313,(anonymous_17)
FN:328,(anonymous_18)
FN:336,(anonymous_19)
FN:343,(anonymous_20)
FN:349,(anonymous_21)
FN:399,(anonymous_22)
FN:412,(anonymous_23)
FN:423,(anonymous_24)
FN:438,(anonymous_25)
FN:446,(anonymous_26)
FN:453,(anonymous_27)
FN:459,(anonymous_28)
FN:472,(anonymous_29)
FN:501,(anonymous_30)
FN:511,(anonymous_31)
FN:527,(anonymous_32)
FN:556,(anonymous_33)
FN:558,(anonymous_34)
FN:559,(anonymous_35)
FN:582,(anonymous_36)
FN:592,(anonymous_37)
FN:623,(anonymous_38)
FN:634,(anonymous_39)
FN:644,(anonymous_40)
FN:649,(anonymous_41)
FN:657,(anonymous_42)
FN:666,(anonymous_43)
FNF:44
FNH:6
FNDA:0,(anonymous_0)
FNDA:0,(anonymous_1)
FNDA:0,(anonymous_2)
FNDA:0,(anonymous_3)
FNDA:0,(anonymous_4)
FNDA:0,(anonymous_5)
FNDA:0,(anonymous_6)
FNDA:0,(anonymous_7)
FNDA:0,(anonymous_8)
FNDA:8,(anonymous_9)
FNDA:8,(anonymous_10)
FNDA:0,(anonymous_11)
FNDA:0,(anonymous_12)
FNDA:0,(anonymous_13)
FNDA:0,(anonymous_14)
FNDA:0,(anonymous_15)
FNDA:0,(anonymous_16)
FNDA:0,(anonymous_17)
FNDA:0,(anonymous_18)
FNDA:0,(anonymous_19)
FNDA:0,(anonymous_20)
FNDA:0,(anonymous_21)
FNDA:0,(anonymous_22)
FNDA:0,(anonymous_23)
FNDA:0,(anonymous_24)
FNDA:0,(anonymous_25)
FNDA:0,(anonymous_26)
FNDA:0,(anonymous_27)
FNDA:1,(anonymous_28)
FNDA:1,(anonymous_29)
FNDA:1,(anonymous_30)
FNDA:0,(anonymous_31)
FNDA:0,(anonymous_32)
FNDA:0,(anonymous_33)
FNDA:0,(anonymous_34)
FNDA:0,(anonymous_35)
FNDA:0,(anonymous_36)
FNDA:1,(anonymous_37)
FNDA:0,(anonymous_38)
FNDA:0,(anonymous_39)
FNDA:0,(anonymous_40)
FNDA:0,(anonymous_41)
FNDA:0,(anonymous_42)
FNDA:0,(anonymous_43)
DA:1,1
DA:2,1
DA:9,0
DA:10,0
DA:11,0
DA:12,0
DA:13,0
DA:17,0
DA:18,0
DA:19,0
DA:20,0
DA:21,0
DA:25,0
DA:26,0
DA:30,0
DA:39,0
DA:40,0
DA:54,0
DA:55,0
DA:64,0
DA:65,0
DA:79,0
DA:80,0
DA:81,0
DA:82,0
DA:91,0
DA:93,0
DA:98,0
DA:99,0
DA:104,0
DA:108,0
DA:112,0
DA:113,0
DA:114,0
DA:129,0
DA:130,0
DA:139,8
DA:140,8
DA:141,8
DA:156,8
DA:157,8
DA:172,0
DA:173,0
DA:174,0
DA:176,0
DA:178,0
DA:179,0
DA:181,0
DA:182,0
DA:184,0
DA:186,0
DA:194,0
DA:196,0
DA:197,0
DA:200,0
DA:201,0
DA:202,0
DA:203,0
DA:205,0
DA:208,0
DA:209,0
DA:210,0
DA:213,0
DA:214,0
DA:215,0
DA:216,0
DA:218,0
DA:221,0
DA:222,0
DA:223,0
DA:226,0
DA:227,0
DA:228,0
DA:230,0
DA:234,0
DA:235,0
DA:236,0
DA:239,0
DA:242,0
DA:248,0
DA:249,0
DA:251,0
DA:252,0
DA:254,0
DA:255,0
DA:256,0
DA:257,0
DA:259,0
DA:263,0
DA:271,0
DA:273,0
DA:274,0
DA:275,0
DA:278,0
DA:279,0
DA:281,0
DA:291,0
DA:292,0
DA:299,0
DA:300,0
DA:302,0
DA:303,0
DA:307,0
DA:308,0
DA:309,0
DA:310,0
DA:313,0
DA:314,0
DA:321,0
DA:327,0
DA:328,0
DA:329,0
DA:330,0
DA:331,0
DA:335,0
DA:336,0
DA:337,0
DA:338,0
DA:342,0
DA:343,0
DA:346,0
DA:350,0
DA:351,0
DA:358,0
DA:359,0
DA:360,0
DA:361,0
DA:365,0
DA:366,0
DA:367,0
DA:369,0
DA:375,0
DA:376,0
DA:377,0
DA:380,0
DA:385,0
DA:386,0
DA:389,0
DA:396,0
DA:400,0
DA:401,0
DA:409,0
DA:410,0
DA:412,0
DA:413,0
DA:417,0
DA:418,0
DA:419,0
DA:420,0
DA:423,0
DA:424,0
DA:431,0
DA:437,0
DA:438,0
DA:439,0
DA:440,0
DA:441,0
DA:445,0
DA:446,0
DA:447,0
DA:448,0
DA:452,0
DA:453,0
DA:456,0
DA:460,1
DA:461,1
DA:463,1
DA:467,1
DA:468,1
DA:470,1
DA:471,1
DA:472,1
DA:473,1
DA:479,1
DA:480,1
DA:481,1
DA:482,1
DA:483,1
DA:485,1
DA:487,1
DA:488,1
DA:489,1
DA:490,1
DA:492,0
DA:493,0
DA:495,1
DA:496,1
DA:500,1
DA:501,1
DA:502,1
DA:508,1
DA:512,0
DA:513,0
DA:514,0
DA:515,0
DA:517,0
DA:522,0
DA:523,0
DA:525,0
DA:526,0
DA:527,0
DA:528,0
DA:534,0
DA:535,0
DA:536,0
DA:537,0
DA:538,0
DA:540,0
DA:542,0
DA:543,0
DA:544,0
DA:545,0
DA:547,0
DA:548,0
DA:550,0
DA:551,0
DA:555,0
DA:556,0
DA:558,0
DA:559,0
DA:561,0
DA:563,0
DA:564,0
DA:565,0
DA:566,0
DA:568,0
DA:571,0
DA:572,0
DA:573,0
DA:575,0
DA:578,0
DA:581,0
DA:582,0
DA:583,0
DA:589,0
DA:593,1
DA:594,1
DA:595,1
DA:597,1
DA:598,1
DA:600,1
DA:601,0
DA:602,0
DA:603,0
DA:605,1
DA:608,1
DA:609,1
DA:610,1
DA:612,0
DA:617,1
DA:618,1
DA:624,0
DA:625,0
DA:626,0
DA:635,0
DA:636,0
DA:643,0
DA:644,0
DA:650,0
DA:651,0
DA:652,0
DA:653,0
DA:654,0
DA:658,0
DA:659,0
DA:663,0
DA:667,0
DA:668,0
DA:669,0
DA:674,1
LF:270
LH:45
BRDA:11,0,0,0
BRDA:11,0,1,0
BRDA:19,1,0,0
BRDA:19,1,1,0
BRDA:57,2,0,0
BRDA:57,2,1,0
BRDA:58,3,0,0
BRDA:58,3,1,0
BRDA:80,4,0,0
BRDA:80,4,1,0
BRDA:84,5,0,0
BRDA:84,5,1,0
BRDA:85,6,0,0
BRDA:85,6,1,0
BRDA:98,7,0,0
BRDA:98,7,1,0
BRDA:132,8,0,0
BRDA:132,8,1,0
BRDA:133,9,0,0
BRDA:133,9,1,0
BRDA:159,10,0,8
BRDA:159,10,1,8
BRDA:160,11,0,8
BRDA:160,11,1,8
BRDA:179,12,0,0
BRDA:179,12,1,0
BRDA:182,13,0,0
BRDA:182,13,1,0
BRDA:184,14,0,0
BRDA:184,14,1,0
BRDA:196,15,0,0
BRDA:196,15,1,0
BRDA:200,16,0,0
BRDA:200,16,1,0
BRDA:202,17,0,0
BRDA:202,17,1,0
BRDA:208,18,0,0
BRDA:208,18,1,0
BRDA:213,19,0,0
BRDA:213,19,1,0
BRDA:215,20,0,0
BRDA:215,20,1,0
BRDA:222,21,0,0
BRDA:222,21,1,0
BRDA:252,22,0,0
BRDA:252,22,1,0
BRDA:255,23,0,0
BRDA:255,23,1,0
BRDA:255,24,0,0
BRDA:255,24,1,0
BRDA:274,25,0,0
BRDA:274,25,1,0
BRDA:300,26,0,0
BRDA:300,26,1,0
BRDA:329,27,0,0
BRDA:329,27,1,0
BRDA:337,28,0,0
BRDA:337,28,1,0
BRDA:359,29,0,0
BRDA:359,29,1,0
BRDA:410,30,0,0
BRDA:410,30,1,0
BRDA:439,31,0,0
BRDA:439,31,1,0
BRDA:447,32,0,0
BRDA:447,32,1,0
BRDA:459,33,0,0
BRDA:459,34,0,0
BRDA:459,35,0,0
BRDA:470,36,0,1
BRDA:470,36,1,0
BRDA:470,37,0,1
BRDA:470,37,1,1
BRDA:479,38,0,1
BRDA:479,38,1,0
BRDA:479,39,0,1
BRDA:479,39,1,1
BRDA:483,40,0,0
BRDA:483,40,1,1
BRDA:487,41,0,1
BRDA:487,41,1,0
BRDA:500,42,0,1
BRDA:500,42,1,0
BRDA:500,43,0,1
BRDA:500,43,1,1
BRDA:511,44,0,0
BRDA:511,45,0,0
BRDA:511,46,0,0
BRDA:525,47,0,0
BRDA:525,47,1,0
BRDA:525,48,0,0
BRDA:525,48,1,0
BRDA:534,49,0,0
BRDA:534,49,1,0
BRDA:534,50,0,0
BRDA:534,50,1,0
BRDA:538,51,0,0
BRDA:538,51,1,0
BRDA:542,52,0,0
BRDA:542,52,1,0
BRDA:563,53,0,0
BRDA:563,53,1,0
BRDA:565,54,0,0
BRDA:565,54,1,0
BRDA:571,55,0,0
BRDA:571,55,1,0
BRDA:581,56,0,0
BRDA:581,56,1,0
BRDA:600,57,0,0
BRDA:600,57,1,1
BRDA:602,58,0,0
BRDA:602,58,1,0
BRDA:608,59,0,1
BRDA:608,59,1,0
BRDA:652,60,0,0
BRDA:652,60,1,0
BRF:116
BRH:17
end_of_record
